<?xml version="1.0" encoding="UTF-8"?>
<testsuite name="com.example.prueba.ExampleUnitTest" tests="1" skipped="0" failures="0" errors="0" timestamp="2023-05-02T23:34:25" hostname="DESKTOP-1MCK3N6" time="0.018">
  <properties/>
  <testcase name="addition_isCorrect" classname="com.example.prueba.ExampleUnitTest" time="0.018"/>
  <system-out><![CDATA[]]></system-out>
  <system-err><![CDATA[]]></system-err>
</testsuite>
